[INFO ] 2022-03-06 04:20:56.069 [TestNG-tests-1] ProductPage - Product Process is Done
[INFO ] 2022-03-06 04:21:08.335 [TestNG-tests-1] ChartPage - Chart Process is Done
[INFO ] 2022-03-06 04:26:42.113 [TestNG-tests-1] ProductPage - Product Process is Done
[INFO ] 2022-03-06 04:26:55.306 [TestNG-tests-1] ChartPage - Chart Process is Done
[INFO ] 2022-03-06 05:33:39.418 [TestNG-tests-1] ProductPage - Product Process is Done
[INFO ] 2022-03-06 05:33:51.568 [TestNG-tests-1] ChartPage - Chart Process is Done
[INFO ] 2022-03-06 05:45:05.338 [TestNG-tests-1] ProductPage - sc-12aj18f-0 glRpjV
[INFO ] 2022-03-06 05:45:10.053 [TestNG-tests-1] ProductPage - Urunlerim Sayfa Fiyati=3.353,23
[INFO ] 2022-03-06 05:45:13.312 [TestNG-tests-1] ProductPage - Product Process is Done
[INFO ] 2022-03-06 05:45:16.309 [TestNG-tests-1] ChartPage - Sepet Sayfa Fiyati=3.353,23
[INFO ] 2022-03-06 05:45:22.339 [TestNG-tests-1] ChartPage - Urun adedi=2
[INFO ] 2022-03-06 05:45:25.318 [TestNG-tests-1] ChartPage - Sepetinizde ürün bulunmamaktadır.
[INFO ] 2022-03-06 05:45:25.318 [TestNG-tests-1] ChartPage - Chart Process is Done
[INFO ] 2022-03-06 22:11:19.321 [TestNG-tests-1] ProductPage - sc-12aj18f-0 glRpjV
[INFO ] 2022-03-06 22:11:22.573 [TestNG-tests-1] ProductPage - Urunlerim Sayfa Fiyati=3.353,23
[INFO ] 2022-03-06 22:11:25.832 [TestNG-tests-1] ProductPage - Product Process is Done
[INFO ] 2022-03-06 22:11:28.433 [TestNG-tests-1] ChartPage - Sepet Sayfa Fiyati=3.353,23
[INFO ] 2022-03-06 22:11:34.166 [TestNG-tests-1] ChartPage - Urun adedi=2
[INFO ] 2022-03-06 22:11:36.953 [TestNG-tests-1] ChartPage - Sepetinizde ürün bulunmamaktadır.
[INFO ] 2022-03-06 22:11:36.953 [TestNG-tests-1] ChartPage - Chart Process is Done
[INFO ] 2022-03-06 22:13:56.362 [TestNG-tests-1] ProductPage - sc-12aj18f-0 glRpjV
[INFO ] 2022-03-06 22:13:59.688 [TestNG-tests-1] ProductPage - Urunlerim Sayfa Fiyati=3.353,23
[INFO ] 2022-03-06 22:14:02.933 [TestNG-tests-1] ProductPage - Product Process is Done
[INFO ] 2022-03-06 22:14:05.634 [TestNG-tests-1] ChartPage - Sepet Sayfa Fiyati=3.353,23
[INFO ] 2022-03-06 22:14:11.384 [TestNG-tests-1] ChartPage - Urun adedi=2
[INFO ] 2022-03-06 22:14:14.153 [TestNG-tests-1] ChartPage - Sepetinizde ürün bulunmamaktadır.
[INFO ] 2022-03-06 22:14:14.154 [TestNG-tests-1] ChartPage - Chart Process is Done
[INFO ] 2022-03-06 22:20:48.820 [TestNG-tests-1] ProductPage - sc-12aj18f-0 glRpjV
[INFO ] 2022-03-06 22:20:52.754 [TestNG-tests-1] ProductPage - Urunlerim Sayfa Fiyati=3.353,23
[INFO ] 2022-03-06 22:20:56.028 [TestNG-tests-1] ProductPage - Product Process is Done
[INFO ] 2022-03-06 22:20:58.629 [TestNG-tests-1] ChartPage - Sepet Sayfa Fiyati=3.353,23
[INFO ] 2022-03-06 22:21:04.380 [TestNG-tests-1] ChartPage - Urun adedi=2
[INFO ] 2022-03-06 22:21:07.151 [TestNG-tests-1] ChartPage - Sepetinizde ürün bulunmamaktadır.
[INFO ] 2022-03-06 22:21:07.152 [TestNG-tests-1] ChartPage - Chart Process is Done
[INFO ] 2022-03-06 22:23:15.164 [TestNG-tests-1] ProductPage - sc-12aj18f-0 glRpjV
[INFO ] 2022-03-06 22:23:18.706 [TestNG-tests-1] ProductPage - Urunlerim Sayfa Fiyati=3.353,23
[INFO ] 2022-03-06 22:23:21.935 [TestNG-tests-1] ProductPage - Product Process is Done
[INFO ] 2022-03-06 22:23:24.692 [TestNG-tests-1] ChartPage - Sepet Sayfa Fiyati=3.353,23
[INFO ] 2022-03-06 22:23:30.429 [TestNG-tests-1] ChartPage - Urun adedi=2
[INFO ] 2022-03-06 22:23:33.196 [TestNG-tests-1] ChartPage - Sepetinizde ürün bulunmamaktadır.
[INFO ] 2022-03-06 22:23:33.196 [TestNG-tests-1] ChartPage - Chart Process is Done
[INFO ] 2022-03-06 22:34:57.560 [TestNG-tests-1] ProductPage - sc-12aj18f-0 glRpjV
[INFO ] 2022-03-06 22:35:00.836 [TestNG-tests-1] ProductPage - Urunlerim Sayfa Fiyati=3.353,23
[INFO ] 2022-03-06 22:35:04.086 [TestNG-tests-1] ProductPage - Product Process is Done
[INFO ] 2022-03-06 22:35:06.763 [TestNG-tests-1] ChartPage - Sepet Sayfa Fiyati=3.353,23
[INFO ] 2022-03-06 22:35:12.492 [TestNG-tests-1] ChartPage - Urun adedi=2
[INFO ] 2022-03-06 22:35:15.273 [TestNG-tests-1] ChartPage - Sepetinizde ürün bulunmamaktadır.
[INFO ] 2022-03-06 22:35:15.273 [TestNG-tests-1] ChartPage - Chart Process is Done
[INFO ] 2022-03-06 22:41:19.449 [TestNG-tests-1] ProductPage - sc-12aj18f-0 glRpjV
[INFO ] 2022-03-06 22:41:22.779 [TestNG-tests-1] ProductPage - Urunlerim Sayfa Fiyati=3.353,23
[INFO ] 2022-03-06 22:41:26.049 [TestNG-tests-1] ProductPage - Product Process is Done
[INFO ] 2022-03-06 22:41:28.719 [TestNG-tests-1] ChartPage - Sepet Sayfa Fiyati=3.353,23
[INFO ] 2022-03-06 22:41:34.463 [TestNG-tests-1] ChartPage - Urun adedi=2
[INFO ] 2022-03-06 22:41:37.241 [TestNG-tests-1] ChartPage - Sepetinizde ürün bulunmamaktadır.
[INFO ] 2022-03-06 22:41:37.242 [TestNG-tests-1] ChartPage - Chart Process is Done
[INFO ] 2022-03-07 01:38:04.717 [TestNG-tests-1] ProductPage - sc-12aj18f-0 glRpjV
[INFO ] 2022-03-07 01:38:07.785 [TestNG-tests-1] ProductPage - Urunlerim Sayfa Fiyati=3.353,23
[INFO ] 2022-03-07 01:38:11.043 [TestNG-tests-1] ProductPage - Product Process is Done
[INFO ] 2022-03-07 01:38:13.687 [TestNG-tests-1] ChartPage - Sepet Sayfa Fiyati=3.353,23
[INFO ] 2022-03-07 01:38:19.434 [TestNG-tests-1] ChartPage - Urun adedi=2
[INFO ] 2022-03-07 01:38:22.195 [TestNG-tests-1] ChartPage - Sepetinizde ürün bulunmamaktadır.
[INFO ] 2022-03-07 01:38:22.195 [TestNG-tests-1] ChartPage - Chart Process is Done
[INFO ] 2022-03-07 18:18:44.799 [TestNG-tests-1] ProductPage - sc-12aj18f-0 glRpjV
[INFO ] 2022-03-07 18:18:47.556 [TestNG-tests-1] ProductPage - Urunlerim Sayfa Fiyati=2.074,36
[INFO ] 2022-03-07 18:18:50.808 [TestNG-tests-1] ProductPage - Product Process is Done
[INFO ] 2022-03-07 18:18:53.458 [TestNG-tests-1] ChartPage - Sepet Sayfa Fiyati=2.074,36
[INFO ] 2022-03-07 18:18:59.202 [TestNG-tests-1] ChartPage - Urun adedi=2
[INFO ] 2022-03-07 18:19:01.970 [TestNG-tests-1] ChartPage - Sepetinizde ürün bulunmamaktadır.
[INFO ] 2022-03-07 18:19:01.970 [TestNG-tests-1] ChartPage - Chart Process is Done
[INFO ] 2022-03-07 20:54:13.958 [TestNG-tests-1] ProductPage - sc-12aj18f-0 glRpjV
[INFO ] 2022-03-07 20:54:17.261 [TestNG-tests-1] ProductPage - Urunlerim Sayfa Fiyati=2.074,36
[INFO ] 2022-03-07 20:54:20.516 [TestNG-tests-1] ProductPage - Product Process is Done
[INFO ] 2022-03-07 20:54:23.281 [TestNG-tests-1] ChartPage - Sepet Sayfa Fiyati=2.074,36
[INFO ] 2022-03-07 20:54:29.025 [TestNG-tests-1] ChartPage - Urun adedi=2
[INFO ] 2022-03-07 20:54:31.810 [TestNG-tests-1] ChartPage - Sepetinizde ürün bulunmamaktadır.
[INFO ] 2022-03-07 20:54:31.811 [TestNG-tests-1] ChartPage - Chart Process is Done
